1Array
(
    [_token] => {{csrf_token()}}
    [is_login] => 1
    [email] => test1@test.com
    [password] => test1234
)
Array
(
    [_token] => {{csrf_token()}}
    [is_login] => 1
    [email] => test1@test.com
    [password] => test1234
)
2023-01-25 10:53:50:Array
(
    [_token] => {{csrf_token()}}
    [is_login] => 1
    [email] => test1@test.com
    [password] => test1234
)
2023-01-25 10:57:33:Array
(
    [_token] => {{csrf_token()}}
    [is_login] => 1
    [email] => test1@test.com
    [password] => test1234
)
2023-01-25 10:59:54:/var/www/src/common/log.php:Array
(
    [_token] => {{csrf_token()}}
    [is_login] => 1
    [email] => test1@test.com
    [password] => test1234
)
2023-01-25 11:01:51:/var/www/src/controller/auth_login_controller.php'
'Array
(
    [_token] => {{csrf_token()}}
    [is_login] => 1
    [email] => test1@test.com
    [password] => test1234
)
2023-01-25 11:02:48:/var/www/src/controller/auth_login_controller.php
Array
(
    [_token] => {{csrf_token()}}
    [is_login] => 1
    [email] => test1@test.com
    [password] => test1234
)
2023-01-25 11:03:34:/var/www/src/controller/auth_login_controller.php
Array
(
    [_token] => {{csrf_token()}}
    [is_login] => 1
    [email] => test1@test.com
    [password] => test1234
)
2023-01-25 11:03:34:/var/www/src/common/session.php
Array
(
    [id] => 1
    [0] => 1
    [name] => 太郎1
    [1] => 太郎1
    [email] => test1@test.com
    [2] => test1@test.com
    [password] => test1234
    [3] => test1234
    [user_type] => 0
    [4] => 0
    [created_at] => 2023-01-20 15:31:22
    [5] => 2023-01-20 15:31:22
    [updated_at] => 2023-01-20 15:31:22
    [6] => 2023-01-20 15:31:22
)
2023-01-25 11:03:34:/var/www/src/common/session.php
Array
(
    [email] => test1@test.com
    [name] => 太郎1
    [is_login] => 1
)
2023-01-25 11:05:26:/var/www/src/controller/auth_login_controller.php
Array
(
    [_token] => {{csrf_token()}}
    [is_login] => 1
    [email] => test1@test.com
    [password] => test1234
)
2023-01-25 11:05:27:/var/www/src/common/session.php
Array
(
    [id] => 1
    [0] => 1
    [name] => 太郎1
    [1] => 太郎1
    [email] => test1@test.com
    [2] => test1@test.com
    [password] => test1234
    [3] => test1234
    [user_type] => 0
    [4] => 0
    [created_at] => 2023-01-20 15:31:22
    [5] => 2023-01-20 15:31:22
    [updated_at] => 2023-01-20 15:31:22
    [6] => 2023-01-20 15:31:22
)
2023-01-25 11:05:27:/var/www/src/common/session.php
Array
(
    [email] => test1@test.com
    [name] => 太郎1
    [is_login] => 1
)
2023-01-25 11:05:35:/var/www/src/controller/auth_login_controller.php
Array
(
    [_token] => {{csrf_token()}}
    [is_login] => 1
    [email] => test1@test.com
    [password] => test1234
)
2023-01-25 11:05:35:/var/www/src/common/session.php
Array
(
    [id] => 1
    [0] => 1
    [name] => 太郎1
    [1] => 太郎1
    [email] => test1@test.com
    [2] => test1@test.com
    [password] => test1234
    [3] => test1234
    [user_type] => 0
    [4] => 0
    [created_at] => 2023-01-20 15:31:22
    [5] => 2023-01-20 15:31:22
    [updated_at] => 2023-01-20 15:31:22
    [6] => 2023-01-20 15:31:22
)
2023-01-25 11:05:35:/var/www/src/common/session.php
Array
(
    [email] => test1@test.com
    [name] => 太郎1
    [is_login] => 1
)
2023-01-25 11:15:47:/var/www/src/controller/auth_login_controller.php
Array
(
    [_token] => {{csrf_token()}}
    [is_login] => 1
    [email] => test1@test.com
    [password] => test1234
)
2023-01-25 11:15:47:/var/www/src/common/session.php
Array
(
    [id] => 1
    [0] => 1
    [name] => 太郎1
    [1] => 太郎1
    [email] => test1@test.com
    [2] => test1@test.com
    [password] => test1234
    [3] => test1234
    [user_type] => 0
    [4] => 0
    [created_at] => 2023-01-20 15:31:22
    [5] => 2023-01-20 15:31:22
    [updated_at] => 2023-01-20 15:31:22
    [6] => 2023-01-20 15:31:22
)
2023-01-25 11:15:47:/var/www/src/common/session.php
Array
(
    [email] => test1@test.com
    [name] => 太郎1
    [is_login] => 1
)
2023-01-25 11:20:55:/var/www/src/controller/auth_login_controller.php
Array
(
    [_token] => {{csrf_token()}}
    [is_login] => 1
    [email] => test1@test.com
    [password] => test1234
)
2023-01-25 11:20:55:/var/www/src/common/session.php
Array
(
    [id] => 1
    [0] => 1
    [name] => 太郎1
    [1] => 太郎1
    [email] => test1@test.com
    [2] => test1@test.com
    [password] => test1234
    [3] => test1234
    [user_type] => 0
    [4] => 0
    [created_at] => 2023-01-20 15:31:22
    [5] => 2023-01-20 15:31:22
    [updated_at] => 2023-01-20 15:31:22
    [6] => 2023-01-20 15:31:22
)
2023-01-25 11:20:55:/var/www/src/common/session.php
Array
(
    [email] => test1@test.com
    [name] => 太郎1
    [is_login] => 1
)
2023-01-25 11:21:40:/var/www/src/controller/auth_login_controller.php
Array
(
    [_token] => {{csrf_token()}}
    [is_login] => 1
    [email] => test1@test.com
    [password] => test1234
)
2023-01-25 11:21:40:/var/www/src/common/session.php
Array
(
    [id] => 1
    [0] => 1
    [name] => 太郎1
    [1] => 太郎1
    [email] => test1@test.com
    [2] => test1@test.com
    [password] => test1234
    [3] => test1234
    [user_type] => 0
    [4] => 0
    [created_at] => 2023-01-20 15:31:22
    [5] => 2023-01-20 15:31:22
    [updated_at] => 2023-01-20 15:31:22
    [6] => 2023-01-20 15:31:22
)
2023-01-25 11:21:40:/var/www/src/common/session.php
Array
(
    [email] => test1@test.com
    [name] => 太郎1
    [is_login] => 1
)
2023-01-25 11:25:05:/var/www/src/controller/auth_login_controller.php
Array
(
    [_token] => {{csrf_token()}}
    [is_login] => 1
    [email] => test1@test.com
    [password] => test1234
)
2023-01-25 11:25:05:/var/www/src/common/session.php
Array
(
    [id] => 1
    [0] => 1
    [name] => 太郎1
    [1] => 太郎1
    [email] => test1@test.com
    [2] => test1@test.com
    [password] => test1234
    [3] => test1234
    [user_type] => 0
    [4] => 0
    [created_at] => 2023-01-20 15:31:22
    [5] => 2023-01-20 15:31:22
    [updated_at] => 2023-01-20 15:31:22
    [6] => 2023-01-20 15:31:22
)
2023-01-25 11:25:05:/var/www/src/common/session.php
Array
(
    [email] => test1@test.com
    [name] => 太郎1
    [is_login] => 1
)
2023-01-25 11:30:04:/var/www/src/controller/auth_login_controller.php
Array
(
    [_token] => {{csrf_token()}}
    [is_login] => 1
    [email] => test1@test.com
    [password] => test1234
)
2023-01-25 11:30:04:/var/www/src/common/session.php
Array
(
    [id] => 1
    [0] => 1
    [name] => 太郎1
    [1] => 太郎1
    [email] => test1@test.com
    [2] => test1@test.com
    [password] => test1234
    [3] => test1234
    [user_type] => 0
    [4] => 0
    [created_at] => 2023-01-20 15:31:22
    [5] => 2023-01-20 15:31:22
    [updated_at] => 2023-01-20 15:31:22
    [6] => 2023-01-20 15:31:22
)
2023-01-25 11:30:04:/var/www/src/common/session.php
Array
(
    [email] => test1@test.com
    [name] => 太郎1
    [is_login] => 1
)
2023-01-25 11:44:59-/var/www/src/controller/auth_login_controller.php:
Array
(
    [_token] => {{csrf_token()}}
    [is_login] => 1
    [email] => test1@test.com
    [password] => test1234
)
2023-01-25 11:44:59-/var/www/src/common/session.php:27
Array
(
    [email] => test1@test.com
    [name] => 太郎1
    [is_login] => 1
)
2023-01-25 11:48:20-/var/www/src/controller/auth_login_controller.php:
Array
(
    [_token] => {{csrf_token()}}
    [is_login] => 1
    [email] => test1@test.com
    [password] => test1234
)
2023-01-25 11:48:20-/var/www/src/common/session.php:27
Array
(
    [email] => test1@test.com
    [name] => 太郎1
    [is_login] => 1
)
2023-01-25 11:49:51-/var/www/src/common/session.php:37
Array
(
)
2023-01-25 11:50:16-/var/www/src/controller/auth_login_controller.php:
Array
(
    [_token] => {{csrf_token()}}
    [is_login] => 1
    [email] => test1@test.com
    [password] => test1234
)
2023-01-25 11:50:16-/var/www/src/common/session.php:27
Array
(
    [email] => test1@test.com
    [name] => 太郎1
    [is_login] => 1
)
2023-01-25 11:50:21-/var/www/src/common/session.php:38
Array
(
)
2023-01-25 11:55:36-/var/www/src/controller/auth_login_controller.php:
Array
(
    [_token] => {{csrf_token()}}
    [is_login] => 1
    [email] => test1@test.com
    [password] => test1234
)
2023-01-25 11:55:36-/var/www/src/common/session.php:27
Array
(
    [email] => test1@test.com
    [name] => 太郎1
    [is_login] => 1
)
2023-01-28 10:23:33-/var/www/src/index.php:15
2023-01-28 10:23:34-/var/www/src/index.php:15
2023-01-28 10:24:11-/var/www/src/common/database.php:79
Array
(
    [id] => 1
    [0] => 1
    [title] => たいとるです
    [1] => たいとるです
    [body] => こんににち
    [2] => こんににち
    [image] => 
    [3] => 
    [created_at] => 2023-01-28 09:55:02
    [4] => 2023-01-28 09:55:02
    [updated_at] => 2023-01-28 09:55:02
    [5] => 2023-01-28 09:55:02
)
2023-01-28 10:24:11-/var/www/src/index.php:15
Array
(
    [id] => 1
    [0] => 1
    [title] => たいとるです
    [1] => たいとるです
    [body] => こんににち
    [2] => こんににち
    [image] => 
    [3] => 
    [created_at] => 2023-01-28 09:55:02
    [4] => 2023-01-28 09:55:02
    [updated_at] => 2023-01-28 09:55:02
    [5] => 2023-01-28 09:55:02
)
2023-01-28 10:24:12-/var/www/src/common/database.php:79
Array
(
    [id] => 1
    [0] => 1
    [title] => たいとるです
    [1] => たいとるです
    [body] => こんににち
    [2] => こんににち
    [image] => 
    [3] => 
    [created_at] => 2023-01-28 09:55:02
    [4] => 2023-01-28 09:55:02
    [updated_at] => 2023-01-28 09:55:02
    [5] => 2023-01-28 09:55:02
)
2023-01-28 10:24:12-/var/www/src/index.php:15
Array
(
    [id] => 1
    [0] => 1
    [title] => たいとるです
    [1] => たいとるです
    [body] => こんににち
    [2] => こんににち
    [image] => 
    [3] => 
    [created_at] => 2023-01-28 09:55:02
    [4] => 2023-01-28 09:55:02
    [updated_at] => 2023-01-28 09:55:02
    [5] => 2023-01-28 09:55:02
)
2023-01-28 10:25:02-/var/www/src/common/database.php:79
Array
(
    [id] => 1
    [0] => 1
    [title] => たいとるです
    [1] => たいとるです
    [body] => こんににち
    [2] => こんににち
    [image] => 
    [3] => 
    [created_at] => 2023-01-28 09:55:02
    [4] => 2023-01-28 09:55:02
    [updated_at] => 2023-01-28 09:55:02
    [5] => 2023-01-28 09:55:02
)
2023-01-28 10:25:02-/var/www/src/common/database.php:79
Array
(
    [id] => 1
    [0] => 1
    [title] => たいとるです
    [1] => たいとるです
    [body] => こんににち
    [2] => こんににち
    [image] => 
    [3] => 
    [created_at] => 2023-01-28 09:55:02
    [4] => 2023-01-28 09:55:02
    [updated_at] => 2023-01-28 09:55:02
    [5] => 2023-01-28 09:55:02
)
2023-01-28 10:25:39-/var/www/src/common/database.php:79
Array
(
    [id] => 1
    [0] => 1
    [title] => たいとるです
    [1] => たいとるです
    [body] => こんににち
    [2] => こんににち
    [image] => 
    [3] => 
    [created_at] => 2023-01-28 09:55:02
    [4] => 2023-01-28 09:55:02
    [updated_at] => 2023-01-28 09:55:02
    [5] => 2023-01-28 09:55:02
)
2023-01-28 10:25:40-/var/www/src/common/database.php:79
Array
(
    [id] => 1
    [0] => 1
    [title] => たいとるです
    [1] => たいとるです
    [body] => こんににち
    [2] => こんににち
    [image] => 
    [3] => 
    [created_at] => 2023-01-28 09:55:02
    [4] => 2023-01-28 09:55:02
    [updated_at] => 2023-01-28 09:55:02
    [5] => 2023-01-28 09:55:02
)
2023-01-28 10:26:58-/var/www/src/common/database.php:74
12023-01-28 10:26:58-/var/www/src/common/database.php:74
12023-01-28 10:27:12-/var/www/src/common/database.php:74
12023-01-28 10:27:12-/var/www/src/common/database.php:74
12023-01-28 10:30:34-/var/www/src/common/database.php:74
PDOStatement Object
(
    [queryString] => SELECT * FROM posts
)
2023-01-28 10:30:34-/var/www/src/common/database.php:74
PDOStatement Object
(
    [queryString] => SELECT * FROM posts
)
2023-01-28 10:30:49-/var/www/src/common/database.php:74
12023-01-28 10:30:49-/var/www/src/common/database.php:74
12023-01-28 10:31:54-/var/www/src/common/database.php:74
PDOStatement Object
(
    [queryString] => SELECT * FROM posts
)
2023-01-28 10:31:54-/var/www/src/common/database.php:74
PDOStatement Object
(
    [queryString] => SELECT * FROM posts
)
2023-01-28 10:33:16-/var/www/src/common/database.php:77
Array
(
    [id] => 1
    [0] => 1
    [title] => たいとるです
    [1] => たいとるです
    [body] => こんににち
    [2] => こんににち
    [image] => 
    [3] => 
    [created_at] => 2023-01-28 09:55:02
    [4] => 2023-01-28 09:55:02
    [updated_at] => 2023-01-28 09:55:02
    [5] => 2023-01-28 09:55:02
)
2023-01-28 10:33:16-/var/www/src/common/database.php:77
Array
(
    [id] => 1
    [0] => 1
    [title] => たいとるです
    [1] => たいとるです
    [body] => こんににち
    [2] => こんににち
    [image] => 
    [3] => 
    [created_at] => 2023-01-28 09:55:02
    [4] => 2023-01-28 09:55:02
    [updated_at] => 2023-01-28 09:55:02
    [5] => 2023-01-28 09:55:02
)
2023-01-28 10:34:24-/var/www/src/common/database.php:77
Array
(
    [0] => Array
        (
            [id] => 1
            [0] => 1
            [title] => たいとるです
            [1] => たいとるです
            [body] => こんににち
            [2] => こんににち
            [image] => 
            [3] => 
            [created_at] => 2023-01-28 09:55:02
            [4] => 2023-01-28 09:55:02
            [updated_at] => 2023-01-28 09:55:02
            [5] => 2023-01-28 09:55:02
        )

    [1] => Array
        (
            [id] => 2
            [0] => 2
            [title] => っっっっt
            [1] => っっっっt
            [body] => っっっtがががあ
            [2] => っっっtがががあ
            [image] => 
            [3] => 
            [created_at] => 2023-01-28 09:55:36
            [4] => 2023-01-28 09:55:36
            [updated_at] => 2023-01-28 09:55:36
            [5] => 2023-01-28 09:55:36
        )

    [2] => Array
        (
            [id] => 3
            [0] => 3
            [title] => タイトルです
            [1] => タイトルです
            [body] => こにあんちあんちあ
            [2] => こにあんちあんちあ
            [image] => 
            [3] => 
            [created_at] => 2023-01-28 09:56:07
            [4] => 2023-01-28 09:56:07
            [updated_at] => 2023-01-28 09:56:07
            [5] => 2023-01-28 09:56:07
        )

    [3] => Array
        (
            [id] => 4
            [0] => 4
            [title] => タイトルです
            [1] => タイトルです
            [body] => こにあんちあんちあ
            [2] => こにあんちあんちあ
            [image] => 
            [3] => 
            [created_at] => 2023-01-28 09:57:23
            [4] => 2023-01-28 09:57:23
            [updated_at] => 2023-01-28 09:57:23
            [5] => 2023-01-28 09:57:23
        )

    [4] => Array
        (
            [id] => 5
            [0] => 5
            [title] => たちたお
            [1] => たちたお
            [body] => たたた
            [2] => たたた
            [image] => 
            [3] => 
            [created_at] => 2023-01-28 09:57:28
            [4] => 2023-01-28 09:57:28
            [updated_at] => 2023-01-28 09:57:28
            [5] => 2023-01-28 09:57:28
        )

    [5] => Array
        (
            [id] => 6
            [0] => 6
            [title] => たちたお
            [1] => たちたお
            [body] => たたた
            [2] => たたた
            [image] => 
            [3] => 
            [created_at] => 2023-01-28 09:59:09
            [4] => 2023-01-28 09:59:09
            [updated_at] => 2023-01-28 09:59:09
            [5] => 2023-01-28 09:59:09
        )

    [6] => Array
        (
            [id] => 7
            [0] => 7
            [title] => タイトル
            [1] => タイトル
            [body] => たたたたt
            [2] => たたたたt
            [image] => 
            [3] => 
            [created_at] => 2023-01-28 09:59:16
            [4] => 2023-01-28 09:59:16
            [updated_at] => 2023-01-28 09:59:16
            [5] => 2023-01-28 09:59:16
        )

    [7] => Array
        (
            [id] => 8
            [0] => 8
            [title] => たいとつr 
            [1] => たいとつr 
            [body] => こめんと
            [2] => こめんと
            [image] => 
            [3] => 
            [created_at] => 2023-01-28 10:12:46
            [4] => 2023-01-28 10:12:46
            [updated_at] => 2023-01-28 10:12:46
            [5] => 2023-01-28 10:12:46
        )

)
2023-01-28 10:34:24-/var/www/src/common/database.php:77
Array
(
    [0] => Array
        (
            [id] => 1
            [0] => 1
            [title] => たいとるです
            [1] => たいとるです
            [body] => こんににち
            [2] => こんににち
            [image] => 
            [3] => 
            [created_at] => 2023-01-28 09:55:02
            [4] => 2023-01-28 09:55:02
            [updated_at] => 2023-01-28 09:55:02
            [5] => 2023-01-28 09:55:02
        )

    [1] => Array
        (
            [id] => 2
            [0] => 2
            [title] => っっっっt
            [1] => っっっっt
            [body] => っっっtがががあ
            [2] => っっっtがががあ
            [image] => 
            [3] => 
            [created_at] => 2023-01-28 09:55:36
            [4] => 2023-01-28 09:55:36
            [updated_at] => 2023-01-28 09:55:36
            [5] => 2023-01-28 09:55:36
        )

    [2] => Array
        (
            [id] => 3
            [0] => 3
            [title] => タイトルです
            [1] => タイトルです
            [body] => こにあんちあんちあ
            [2] => こにあんちあんちあ
            [image] => 
            [3] => 
            [created_at] => 2023-01-28 09:56:07
            [4] => 2023-01-28 09:56:07
            [updated_at] => 2023-01-28 09:56:07
            [5] => 2023-01-28 09:56:07
        )

    [3] => Array
        (
            [id] => 4
            [0] => 4
            [title] => タイトルです
            [1] => タイトルです
            [body] => こにあんちあんちあ
            [2] => こにあんちあんちあ
            [image] => 
            [3] => 
            [created_at] => 2023-01-28 09:57:23
            [4] => 2023-01-28 09:57:23
            [updated_at] => 2023-01-28 09:57:23
            [5] => 2023-01-28 09:57:23
        )

    [4] => Array
        (
            [id] => 5
            [0] => 5
            [title] => たちたお
            [1] => たちたお
            [body] => たたた
            [2] => たたた
            [image] => 
            [3] => 
            [created_at] => 2023-01-28 09:57:28
            [4] => 2023-01-28 09:57:28
            [updated_at] => 2023-01-28 09:57:28
            [5] => 2023-01-28 09:57:28
        )

    [5] => Array
        (
            [id] => 6
            [0] => 6
            [title] => たちたお
            [1] => たちたお
            [body] => たたた
            [2] => たたた
            [image] => 
            [3] => 
            [created_at] => 2023-01-28 09:59:09
            [4] => 2023-01-28 09:59:09
            [updated_at] => 2023-01-28 09:59:09
            [5] => 2023-01-28 09:59:09
        )

    [6] => Array
        (
            [id] => 7
            [0] => 7
            [title] => タイトル
            [1] => タイトル
            [body] => たたたたt
            [2] => たたたたt
            [image] => 
            [3] => 
            [created_at] => 2023-01-28 09:59:16
            [4] => 2023-01-28 09:59:16
            [updated_at] => 2023-01-28 09:59:16
            [5] => 2023-01-28 09:59:16
        )

    [7] => Array
        (
            [id] => 8
            [0] => 8
            [title] => たいとつr 
            [1] => たいとつr 
            [body] => こめんと
            [2] => こめんと
            [image] => 
            [3] => 
            [created_at] => 2023-01-28 10:12:46
            [4] => 2023-01-28 10:12:46
            [updated_at] => 2023-01-28 10:12:46
            [5] => 2023-01-28 10:12:46
        )

)
2023-01-28 10:35:37-/var/www/src/common/database.php:77
Array
(
    [0] => Array
        (
            [id] => 1
            [0] => 1
            [title] => たいとるです
            [1] => たいとるです
            [body] => こんににち
            [2] => こんににち
            [image] => 
            [3] => 
            [created_at] => 2023-01-28 09:55:02
            [4] => 2023-01-28 09:55:02
            [updated_at] => 2023-01-28 09:55:02
            [5] => 2023-01-28 09:55:02
        )

    [1] => Array
        (
            [id] => 2
            [0] => 2
            [title] => っっっっt
            [1] => っっっっt
            [body] => っっっtがががあ
            [2] => っっっtがががあ
            [image] => 
            [3] => 
            [created_at] => 2023-01-28 09:55:36
            [4] => 2023-01-28 09:55:36
            [updated_at] => 2023-01-28 09:55:36
            [5] => 2023-01-28 09:55:36
        )

    [2] => Array
        (
            [id] => 3
            [0] => 3
            [title] => タイトルです
            [1] => タイトルです
            [body] => こにあんちあんちあ
            [2] => こにあんちあんちあ
            [image] => 
            [3] => 
            [created_at] => 2023-01-28 09:56:07
            [4] => 2023-01-28 09:56:07
            [updated_at] => 2023-01-28 09:56:07
            [5] => 2023-01-28 09:56:07
        )

    [3] => Array
        (
            [id] => 4
            [0] => 4
            [title] => タイトルです
            [1] => タイトルです
            [body] => こにあんちあんちあ
            [2] => こにあんちあんちあ
            [image] => 
            [3] => 
            [created_at] => 2023-01-28 09:57:23
            [4] => 2023-01-28 09:57:23
            [updated_at] => 2023-01-28 09:57:23
            [5] => 2023-01-28 09:57:23
        )

    [4] => Array
        (
            [id] => 5
            [0] => 5
            [title] => たちたお
            [1] => たちたお
            [body] => たたた
            [2] => たたた
            [image] => 
            [3] => 
            [created_at] => 2023-01-28 09:57:28
            [4] => 2023-01-28 09:57:28
            [updated_at] => 2023-01-28 09:57:28
            [5] => 2023-01-28 09:57:28
        )

    [5] => Array
        (
            [id] => 6
            [0] => 6
            [title] => たちたお
            [1] => たちたお
            [body] => たたた
            [2] => たたた
            [image] => 
            [3] => 
            [created_at] => 2023-01-28 09:59:09
            [4] => 2023-01-28 09:59:09
            [updated_at] => 2023-01-28 09:59:09
            [5] => 2023-01-28 09:59:09
        )

    [6] => Array
        (
            [id] => 7
            [0] => 7
            [title] => タイトル
            [1] => タイトル
            [body] => たたたたt
            [2] => たたたたt
            [image] => 
            [3] => 
            [created_at] => 2023-01-28 09:59:16
            [4] => 2023-01-28 09:59:16
            [updated_at] => 2023-01-28 09:59:16
            [5] => 2023-01-28 09:59:16
        )

    [7] => Array
        (
            [id] => 8
            [0] => 8
            [title] => たいとつr 
            [1] => たいとつr 
            [body] => こめんと
            [2] => こめんと
            [image] => 
            [3] => 
            [created_at] => 2023-01-28 10:12:46
            [4] => 2023-01-28 10:12:46
            [updated_at] => 2023-01-28 10:12:46
            [5] => 2023-01-28 10:12:46
        )

)
2023-01-28 10:35:38-/var/www/src/common/database.php:77
Array
(
    [0] => Array
        (
            [id] => 1
            [0] => 1
            [title] => たいとるです
            [1] => たいとるです
            [body] => こんににち
            [2] => こんににち
            [image] => 
            [3] => 
            [created_at] => 2023-01-28 09:55:02
            [4] => 2023-01-28 09:55:02
            [updated_at] => 2023-01-28 09:55:02
            [5] => 2023-01-28 09:55:02
        )

    [1] => Array
        (
            [id] => 2
            [0] => 2
            [title] => っっっっt
            [1] => っっっっt
            [body] => っっっtがががあ
            [2] => っっっtがががあ
            [image] => 
            [3] => 
            [created_at] => 2023-01-28 09:55:36
            [4] => 2023-01-28 09:55:36
            [updated_at] => 2023-01-28 09:55:36
            [5] => 2023-01-28 09:55:36
        )

    [2] => Array
        (
            [id] => 3
            [0] => 3
            [title] => タイトルです
            [1] => タイトルです
            [body] => こにあんちあんちあ
            [2] => こにあんちあんちあ
            [image] => 
            [3] => 
            [created_at] => 2023-01-28 09:56:07
            [4] => 2023-01-28 09:56:07
            [updated_at] => 2023-01-28 09:56:07
            [5] => 2023-01-28 09:56:07
        )

    [3] => Array
        (
            [id] => 4
            [0] => 4
            [title] => タイトルです
            [1] => タイトルです
            [body] => こにあんちあんちあ
            [2] => こにあんちあんちあ
            [image] => 
            [3] => 
            [created_at] => 2023-01-28 09:57:23
            [4] => 2023-01-28 09:57:23
            [updated_at] => 2023-01-28 09:57:23
            [5] => 2023-01-28 09:57:23
        )

    [4] => Array
        (
            [id] => 5
            [0] => 5
            [title] => たちたお
            [1] => たちたお
            [body] => たたた
            [2] => たたた
            [image] => 
            [3] => 
            [created_at] => 2023-01-28 09:57:28
            [4] => 2023-01-28 09:57:28
            [updated_at] => 2023-01-28 09:57:28
            [5] => 2023-01-28 09:57:28
        )

    [5] => Array
        (
            [id] => 6
            [0] => 6
            [title] => たちたお
            [1] => たちたお
            [body] => たたた
            [2] => たたた
            [image] => 
            [3] => 
            [created_at] => 2023-01-28 09:59:09
            [4] => 2023-01-28 09:59:09
            [updated_at] => 2023-01-28 09:59:09
            [5] => 2023-01-28 09:59:09
        )

    [6] => Array
        (
            [id] => 7
            [0] => 7
            [title] => タイトル
            [1] => タイトル
            [body] => たたたたt
            [2] => たたたたt
            [image] => 
            [3] => 
            [created_at] => 2023-01-28 09:59:16
            [4] => 2023-01-28 09:59:16
            [updated_at] => 2023-01-28 09:59:16
            [5] => 2023-01-28 09:59:16
        )

    [7] => Array
        (
            [id] => 8
            [0] => 8
            [title] => たいとつr 
            [1] => たいとつr 
            [body] => こめんと
            [2] => こめんと
            [image] => 
            [3] => 
            [created_at] => 2023-01-28 10:12:46
            [4] => 2023-01-28 10:12:46
            [updated_at] => 2023-01-28 10:12:46
            [5] => 2023-01-28 10:12:46
        )

)
2023-01-28 10:35:42-/var/www/src/common/database.php:77
Array
(
    [0] => Array
        (
            [id] => 1
            [0] => 1
            [title] => たいとるです
            [1] => たいとるです
            [body] => こんににち
            [2] => こんににち
            [image] => 
            [3] => 
            [created_at] => 2023-01-28 09:55:02
            [4] => 2023-01-28 09:55:02
            [updated_at] => 2023-01-28 09:55:02
            [5] => 2023-01-28 09:55:02
        )

    [1] => Array
        (
            [id] => 2
            [0] => 2
            [title] => っっっっt
            [1] => っっっっt
            [body] => っっっtがががあ
            [2] => っっっtがががあ
            [image] => 
            [3] => 
            [created_at] => 2023-01-28 09:55:36
            [4] => 2023-01-28 09:55:36
            [updated_at] => 2023-01-28 09:55:36
            [5] => 2023-01-28 09:55:36
        )

    [2] => Array
        (
            [id] => 3
            [0] => 3
            [title] => タイトルです
            [1] => タイトルです
            [body] => こにあんちあんちあ
            [2] => こにあんちあんちあ
            [image] => 
            [3] => 
            [created_at] => 2023-01-28 09:56:07
            [4] => 2023-01-28 09:56:07
            [updated_at] => 2023-01-28 09:56:07
            [5] => 2023-01-28 09:56:07
        )

    [3] => Array
        (
            [id] => 4
            [0] => 4
            [title] => タイトルです
            [1] => タイトルです
            [body] => こにあんちあんちあ
            [2] => こにあんちあんちあ
            [image] => 
            [3] => 
            [created_at] => 2023-01-28 09:57:23
            [4] => 2023-01-28 09:57:23
            [updated_at] => 2023-01-28 09:57:23
            [5] => 2023-01-28 09:57:23
        )

    [4] => Array
        (
            [id] => 5
            [0] => 5
            [title] => たちたお
            [1] => たちたお
            [body] => たたた
            [2] => たたた
            [image] => 
            [3] => 
            [created_at] => 2023-01-28 09:57:28
            [4] => 2023-01-28 09:57:28
            [updated_at] => 2023-01-28 09:57:28
            [5] => 2023-01-28 09:57:28
        )

    [5] => Array
        (
            [id] => 6
            [0] => 6
            [title] => たちたお
            [1] => たちたお
            [body] => たたた
            [2] => たたた
            [image] => 
            [3] => 
            [created_at] => 2023-01-28 09:59:09
            [4] => 2023-01-28 09:59:09
            [updated_at] => 2023-01-28 09:59:09
            [5] => 2023-01-28 09:59:09
        )

    [6] => Array
        (
            [id] => 7
            [0] => 7
            [title] => タイトル
            [1] => タイトル
            [body] => たたたたt
            [2] => たたたたt
            [image] => 
            [3] => 
            [created_at] => 2023-01-28 09:59:16
            [4] => 2023-01-28 09:59:16
            [updated_at] => 2023-01-28 09:59:16
            [5] => 2023-01-28 09:59:16
        )

    [7] => Array
        (
            [id] => 8
            [0] => 8
            [title] => たいとつr 
            [1] => たいとつr 
            [body] => こめんと
            [2] => こめんと
            [image] => 
            [3] => 
            [created_at] => 2023-01-28 10:12:46
            [4] => 2023-01-28 10:12:46
            [updated_at] => 2023-01-28 10:12:46
            [5] => 2023-01-28 10:12:46
        )

)
2023-01-28 10:35:42-/var/www/src/common/database.php:77
Array
(
    [0] => Array
        (
            [id] => 1
            [0] => 1
            [title] => たいとるです
            [1] => たいとるです
            [body] => こんににち
            [2] => こんににち
            [image] => 
            [3] => 
            [created_at] => 2023-01-28 09:55:02
            [4] => 2023-01-28 09:55:02
            [updated_at] => 2023-01-28 09:55:02
            [5] => 2023-01-28 09:55:02
        )

    [1] => Array
        (
            [id] => 2
            [0] => 2
            [title] => っっっっt
            [1] => っっっっt
            [body] => っっっtがががあ
            [2] => っっっtがががあ
            [image] => 
            [3] => 
            [created_at] => 2023-01-28 09:55:36
            [4] => 2023-01-28 09:55:36
            [updated_at] => 2023-01-28 09:55:36
            [5] => 2023-01-28 09:55:36
        )

    [2] => Array
        (
            [id] => 3
            [0] => 3
            [title] => タイトルです
            [1] => タイトルです
            [body] => こにあんちあんちあ
            [2] => こにあんちあんちあ
            [image] => 
            [3] => 
            [created_at] => 2023-01-28 09:56:07
            [4] => 2023-01-28 09:56:07
            [updated_at] => 2023-01-28 09:56:07
            [5] => 2023-01-28 09:56:07
        )

    [3] => Array
        (
            [id] => 4
            [0] => 4
            [title] => タイトルです
            [1] => タイトルです
            [body] => こにあんちあんちあ
            [2] => こにあんちあんちあ
            [image] => 
            [3] => 
            [created_at] => 2023-01-28 09:57:23
            [4] => 2023-01-28 09:57:23
            [updated_at] => 2023-01-28 09:57:23
            [5] => 2023-01-28 09:57:23
        )

    [4] => Array
        (
            [id] => 5
            [0] => 5
            [title] => たちたお
            [1] => たちたお
            [body] => たたた
            [2] => たたた
            [image] => 
            [3] => 
            [created_at] => 2023-01-28 09:57:28
            [4] => 2023-01-28 09:57:28
            [updated_at] => 2023-01-28 09:57:28
            [5] => 2023-01-28 09:57:28
        )

    [5] => Array
        (
            [id] => 6
            [0] => 6
            [title] => たちたお
            [1] => たちたお
            [body] => たたた
            [2] => たたた
            [image] => 
            [3] => 
            [created_at] => 2023-01-28 09:59:09
            [4] => 2023-01-28 09:59:09
            [updated_at] => 2023-01-28 09:59:09
            [5] => 2023-01-28 09:59:09
        )

    [6] => Array
        (
            [id] => 7
            [0] => 7
            [title] => タイトル
            [1] => タイトル
            [body] => たたたたt
            [2] => たたたたt
            [image] => 
            [3] => 
            [created_at] => 2023-01-28 09:59:16
            [4] => 2023-01-28 09:59:16
            [updated_at] => 2023-01-28 09:59:16
            [5] => 2023-01-28 09:59:16
        )

    [7] => Array
        (
            [id] => 8
            [0] => 8
            [title] => たいとつr 
            [1] => たいとつr 
            [body] => こめんと
            [2] => こめんと
            [image] => 
            [3] => 
            [created_at] => 2023-01-28 10:12:46
            [4] => 2023-01-28 10:12:46
            [updated_at] => 2023-01-28 10:12:46
            [5] => 2023-01-28 10:12:46
        )

)
2023-01-28 10:36:27-/var/www/src/common/database.php:77
Array
(
    [0] => Array
        (
            [id] => 1
            [0] => 1
            [title] => たいとるです
            [1] => たいとるです
            [body] => こんににち
            [2] => こんににち
            [image] => 
            [3] => 
            [created_at] => 2023-01-28 09:55:02
            [4] => 2023-01-28 09:55:02
            [updated_at] => 2023-01-28 09:55:02
            [5] => 2023-01-28 09:55:02
        )

    [1] => Array
        (
            [id] => 2
            [0] => 2
            [title] => っっっっt
            [1] => っっっっt
            [body] => っっっtがががあ
            [2] => っっっtがががあ
            [image] => 
            [3] => 
            [created_at] => 2023-01-28 09:55:36
            [4] => 2023-01-28 09:55:36
            [updated_at] => 2023-01-28 09:55:36
            [5] => 2023-01-28 09:55:36
        )

    [2] => Array
        (
            [id] => 3
            [0] => 3
            [title] => タイトルです
            [1] => タイトルです
            [body] => こにあんちあんちあ
            [2] => こにあんちあんちあ
            [image] => 
            [3] => 
            [created_at] => 2023-01-28 09:56:07
            [4] => 2023-01-28 09:56:07
            [updated_at] => 2023-01-28 09:56:07
            [5] => 2023-01-28 09:56:07
        )

    [3] => Array
        (
            [id] => 4
            [0] => 4
            [title] => タイトルです
            [1] => タイトルです
            [body] => こにあんちあんちあ
            [2] => こにあんちあんちあ
            [image] => 
            [3] => 
            [created_at] => 2023-01-28 09:57:23
            [4] => 2023-01-28 09:57:23
            [updated_at] => 2023-01-28 09:57:23
            [5] => 2023-01-28 09:57:23
        )

    [4] => Array
        (
            [id] => 5
            [0] => 5
            [title] => たちたお
            [1] => たちたお
            [body] => たたた
            [2] => たたた
            [image] => 
            [3] => 
            [created_at] => 2023-01-28 09:57:28
            [4] => 2023-01-28 09:57:28
            [updated_at] => 2023-01-28 09:57:28
            [5] => 2023-01-28 09:57:28
        )

    [5] => Array
        (
            [id] => 6
            [0] => 6
            [title] => たちたお
            [1] => たちたお
            [body] => たたた
            [2] => たたた
            [image] => 
            [3] => 
            [created_at] => 2023-01-28 09:59:09
            [4] => 2023-01-28 09:59:09
            [updated_at] => 2023-01-28 09:59:09
            [5] => 2023-01-28 09:59:09
        )

    [6] => Array
        (
            [id] => 7
            [0] => 7
            [title] => タイトル
            [1] => タイトル
            [body] => たたたたt
            [2] => たたたたt
            [image] => 
            [3] => 
            [created_at] => 2023-01-28 09:59:16
            [4] => 2023-01-28 09:59:16
            [updated_at] => 2023-01-28 09:59:16
            [5] => 2023-01-28 09:59:16
        )

    [7] => Array
        (
            [id] => 8
            [0] => 8
            [title] => たいとつr 
            [1] => たいとつr 
            [body] => こめんと
            [2] => こめんと
            [image] => 
            [3] => 
            [created_at] => 2023-01-28 10:12:46
            [4] => 2023-01-28 10:12:46
            [updated_at] => 2023-01-28 10:12:46
            [5] => 2023-01-28 10:12:46
        )

)
2023-01-28 10:36:27-/var/www/src/common/database.php:77
Array
(
    [0] => Array
        (
            [id] => 1
            [0] => 1
            [title] => たいとるです
            [1] => たいとるです
            [body] => こんににち
            [2] => こんににち
            [image] => 
            [3] => 
            [created_at] => 2023-01-28 09:55:02
            [4] => 2023-01-28 09:55:02
            [updated_at] => 2023-01-28 09:55:02
            [5] => 2023-01-28 09:55:02
        )

    [1] => Array
        (
            [id] => 2
            [0] => 2
            [title] => っっっっt
            [1] => っっっっt
            [body] => っっっtがががあ
            [2] => っっっtがががあ
            [image] => 
            [3] => 
            [created_at] => 2023-01-28 09:55:36
            [4] => 2023-01-28 09:55:36
            [updated_at] => 2023-01-28 09:55:36
            [5] => 2023-01-28 09:55:36
        )

    [2] => Array
        (
            [id] => 3
            [0] => 3
            [title] => タイトルです
            [1] => タイトルです
            [body] => こにあんちあんちあ
            [2] => こにあんちあんちあ
            [image] => 
            [3] => 
            [created_at] => 2023-01-28 09:56:07
            [4] => 2023-01-28 09:56:07
            [updated_at] => 2023-01-28 09:56:07
            [5] => 2023-01-28 09:56:07
        )

    [3] => Array
        (
            [id] => 4
            [0] => 4
            [title] => タイトルです
            [1] => タイトルです
            [body] => こにあんちあんちあ
            [2] => こにあんちあんちあ
            [image] => 
            [3] => 
            [created_at] => 2023-01-28 09:57:23
            [4] => 2023-01-28 09:57:23
            [updated_at] => 2023-01-28 09:57:23
            [5] => 2023-01-28 09:57:23
        )

    [4] => Array
        (
            [id] => 5
            [0] => 5
            [title] => たちたお
            [1] => たちたお
            [body] => たたた
            [2] => たたた
            [image] => 
            [3] => 
            [created_at] => 2023-01-28 09:57:28
            [4] => 2023-01-28 09:57:28
            [updated_at] => 2023-01-28 09:57:28
            [5] => 2023-01-28 09:57:28
        )

    [5] => Array
        (
            [id] => 6
            [0] => 6
            [title] => たちたお
            [1] => たちたお
            [body] => たたた
            [2] => たたた
            [image] => 
            [3] => 
            [created_at] => 2023-01-28 09:59:09
            [4] => 2023-01-28 09:59:09
            [updated_at] => 2023-01-28 09:59:09
            [5] => 2023-01-28 09:59:09
        )

    [6] => Array
        (
            [id] => 7
            [0] => 7
            [title] => タイトル
            [1] => タイトル
            [body] => たたたたt
            [2] => たたたたt
            [image] => 
            [3] => 
            [created_at] => 2023-01-28 09:59:16
            [4] => 2023-01-28 09:59:16
            [updated_at] => 2023-01-28 09:59:16
            [5] => 2023-01-28 09:59:16
        )

    [7] => Array
        (
            [id] => 8
            [0] => 8
            [title] => たいとつr 
            [1] => たいとつr 
            [body] => こめんと
            [2] => こめんと
            [image] => 
            [3] => 
            [created_at] => 2023-01-28 10:12:46
            [4] => 2023-01-28 10:12:46
            [updated_at] => 2023-01-28 10:12:46
            [5] => 2023-01-28 10:12:46
        )

)
2023-01-28 10:39:47-/var/www/src/common/database.php:93
Array
(
    [id] => 2
    [0] => 2
    [title] => っっっっt
    [1] => っっっっt
    [body] => っっっtがががあ
    [2] => っっっtがががあ
    [image] => 
    [3] => 
    [created_at] => 2023-01-28 09:55:36
    [4] => 2023-01-28 09:55:36
    [updated_at] => 2023-01-28 09:55:36
    [5] => 2023-01-28 09:55:36
)
2023-01-28 10:40:47-/var/www/src/common/database.php:93
Array
(
    [id] => 2
    [0] => 2
    [title] => っっっっt
    [1] => っっっっt
    [body] => っっっtがががあ
    [2] => っっっtがががあ
    [image] => 
    [3] => 
    [created_at] => 2023-01-28 09:55:36
    [4] => 2023-01-28 09:55:36
    [updated_at] => 2023-01-28 09:55:36
    [5] => 2023-01-28 09:55:36
)
2023-01-28 10:40:50-/var/www/src/common/database.php:93
Array
(
    [id] => 2
    [0] => 2
    [title] => っっっっt
    [1] => っっっっt
    [body] => っっっtがががあ
    [2] => っっっtがががあ
    [image] => 
    [3] => 
    [created_at] => 2023-01-28 09:55:36
    [4] => 2023-01-28 09:55:36
    [updated_at] => 2023-01-28 09:55:36
    [5] => 2023-01-28 09:55:36
)
2023-01-28 10:40:51-/var/www/src/common/database.php:93
Array
(
    [id] => 1
    [0] => 1
    [title] => たいとるです
    [1] => たいとるです
    [body] => こんににち
    [2] => こんににち
    [image] => 
    [3] => 
    [created_at] => 2023-01-28 09:55:02
    [4] => 2023-01-28 09:55:02
    [updated_at] => 2023-01-28 09:55:02
    [5] => 2023-01-28 09:55:02
)
2023-01-28 10:40:53-/var/www/src/common/database.php:93
Array
(
    [id] => 6
    [0] => 6
    [title] => たちたお
    [1] => たちたお
    [body] => たたた
    [2] => たたた
    [image] => 
    [3] => 
    [created_at] => 2023-01-28 09:59:09
    [4] => 2023-01-28 09:59:09
    [updated_at] => 2023-01-28 09:59:09
    [5] => 2023-01-28 09:59:09
)
2023-01-28 10:40:55-/var/www/src/common/database.php:93
Array
(
    [id] => 7
    [0] => 7
    [title] => タイトル
    [1] => タイトル
    [body] => たたたたt
    [2] => たたたたt
    [image] => 
    [3] => 
    [created_at] => 2023-01-28 09:59:16
    [4] => 2023-01-28 09:59:16
    [updated_at] => 2023-01-28 09:59:16
    [5] => 2023-01-28 09:59:16
)
2023-01-28 10:40:57-/var/www/src/common/database.php:93
Array
(
    [id] => 8
    [0] => 8
    [title] => たいとつr 
    [1] => たいとつr 
    [body] => こめんと
    [2] => こめんと
    [image] => 
    [3] => 
    [created_at] => 2023-01-28 10:12:46
    [4] => 2023-01-28 10:12:46
    [updated_at] => 2023-01-28 10:12:46
    [5] => 2023-01-28 10:12:46
)
2023-01-28 10:41:23-/var/www/src/common/database.php:93
Array
(
    [id] => 6
    [0] => 6
    [title] => たちたお
    [1] => たちたお
    [body] => たたた
    [2] => たたた
    [image] => 
    [3] => 
    [created_at] => 2023-01-28 09:59:09
    [4] => 2023-01-28 09:59:09
    [updated_at] => 2023-01-28 09:59:09
    [5] => 2023-01-28 09:59:09
)
2023-01-28 11:10:55-/var/www/src/common/database.php:93
Array
(
    [id] => 1
    [0] => 1
    [title] => たいとるです
    [1] => たいとるです
    [body] => こんににち
    [2] => こんににち
    [image] => 
    [3] => 
    [created_at] => 2023-01-28 09:55:02
    [4] => 2023-01-28 09:55:02
    [updated_at] => 2023-01-28 09:55:02
    [5] => 2023-01-28 09:55:02
)
2023-01-28 11:10:57-/var/www/src/common/database.php:93
Array
(
    [id] => 3
    [0] => 3
    [title] => タイトルです
    [1] => タイトルです
    [body] => こにあんちあんちあ
    [2] => こにあんちあんちあ
    [image] => 
    [3] => 
    [created_at] => 2023-01-28 09:56:07
    [4] => 2023-01-28 09:56:07
    [updated_at] => 2023-01-28 09:56:07
    [5] => 2023-01-28 09:56:07
)
2023-01-28 11:11:00-/var/www/src/common/database.php:93
Array
(
    [id] => 6
    [0] => 6
    [title] => たちたお
    [1] => たちたお
    [body] => たたた
    [2] => たたた
    [image] => 
    [3] => 
    [created_at] => 2023-01-28 09:59:09
    [4] => 2023-01-28 09:59:09
    [updated_at] => 2023-01-28 09:59:09
    [5] => 2023-01-28 09:59:09
)
2023-01-28 11:17:24-/var/www/src/common/database.php:121
Array
(
    [id] => 1
    [0] => 1
    [title] => たいとるです
    [1] => たいとるです
    [body] => こんににち
    [2] => こんににち
    [image] => 
    [3] => 
    [created_at] => 2023-01-28 09:55:02
    [4] => 2023-01-28 09:55:02
    [updated_at] => 2023-01-28 09:55:02
    [5] => 2023-01-28 09:55:02
)
2023-01-28 11:17:42-/var/www/src/common/database.php:121
Array
(
    [id] => 1
    [0] => 1
    [title] => たいとるです
    [1] => たいとるです
    [body] => こんににち
    [2] => こんににち
    [image] => 
    [3] => 
    [created_at] => 2023-01-28 09:55:02
    [4] => 2023-01-28 09:55:02
    [updated_at] => 2023-01-28 09:55:02
    [5] => 2023-01-28 09:55:02
)
2023-01-28 13:41:46-/var/www/src/common/database.php:122
Array
(
    [id] => 1
    [0] => 1
    [title] => たいとるです
    [1] => たいとるです
    [body] => こんににち
    [2] => こんににち
    [image] => 
    [3] => 
    [created_at] => 2023-01-28 09:55:02
    [4] => 2023-01-28 09:55:02
    [updated_at] => 2023-01-28 09:55:02
    [5] => 2023-01-28 09:55:02
)
2023-01-28 13:53:36-/var/www/src/common/session.php:39
Array
(
)
2023-01-28 13:53:39-/var/www/src/controller/auth_login_controller.php:
Array
(
    [_token] => {{csrf_token()}}
    [is_login] => 1
    [email] => test1@test.com
    [password] => test1234
)
2023-01-28 13:53:39-/var/www/src/common/session.php:28
Array
(
    [id] => 1
    [email] => test1@test.com
    [name] => 太郎1
    [is_login] => 1
)
2023-01-28 13:55:14-/var/www/src/common/database.php:50
Array
(
    [id] => 1
    [email] => test1@test.com
    [name] => 太郎1
    [is_login] => 1
)
2023-01-28 13:55:38-/var/www/src/common/database.php:49
Array
(
    [id] => 1
    [email] => test1@test.com
    [name] => 太郎1
    [is_login] => 1
)
2023-01-28 13:56:50-/var/www/src/common/database.php:49
2023-01-28 13:57:16-/var/www/src/common/database.php:49
Array
(
    [id] => 1
    [0] => 1
    [name] => 太郎1
    [1] => 太郎1
    [email] => test1@test.com
    [2] => test1@test.com
    [password] => test1234
    [3] => test1234
    [user_type] => 0
    [4] => 0
    [created_at] => 2023-01-20 15:31:22
    [5] => 2023-01-20 15:31:22
    [updated_at] => 2023-01-20 15:31:22
    [6] => 2023-01-20 15:31:22
)
2023-01-28 13:58:56-/var/www/src/common/database.php:49
Array
(
    [id] => 1
    [0] => 1
    [name] => 太郎1
    [1] => 太郎1
    [email] => test1@test.com
    [2] => test1@test.com
    [password] => test1234
    [3] => test1234
    [user_type] => 0
    [4] => 0
    [created_at] => 2023-01-20 15:31:22
    [5] => 2023-01-20 15:31:22
    [updated_at] => 2023-01-20 15:31:22
    [6] => 2023-01-20 15:31:22
)
2023-01-28 13:59:13-/var/www/src/common/database.php:49
Array
(
    [id] => 1
    [0] => 1
    [name] => 太郎1
    [1] => 太郎1
    [email] => test1@test.com
    [2] => test1@test.com
    [password] => test1234
    [3] => test1234
    [user_type] => 0
    [4] => 0
    [created_at] => 2023-01-20 15:31:22
    [5] => 2023-01-20 15:31:22
    [updated_at] => 2023-01-20 15:31:22
    [6] => 2023-01-20 15:31:22
)
2023-01-28 13:59:32-/var/www/src/common/database.php:49
Array
(
    [uid] => 1
    [name] => 太郎1sann
    [email] => test1@test.com
    [password] => 
)
2023-01-28 14:00:23-/var/www/src/common/database.php:49
Array
(
    [uid] => 1
    [name] => 太郎1sann
    [email] => test1@test.com
    [password] => 
)
2023-01-28 14:01:41-/var/www/src/common/database.php:49
Array
(
    [uid] => 1
    [name] => 太郎1sann
    [email] => test1@test.com
    [password] => 
)
2023-01-28 14:02:22-/var/www/src/common/database.php:49
Array
(
    [uid] => 1
    [name] => 太郎1sann
    [email] => test1@test.com
    [password] => 
)
2023-01-28 14:04:08-/var/www/src/common/database.php:49
Array
(
    [uid] => 1
    [name] => 太郎1sann
    [email] => test1@test.com
    [password] => 
)
2023-01-28 14:04:08-/var/www/src/common/session.php:28
Array
(
    [id] => 1
    [email] => test1@test.com
    [name] => 太郎1
    [is_login] => 1
)
2023-01-28 14:04:55-/var/www/src/common/database.php:78
2023-01-28 14:04:55-/var/www/src/common/session.php:28
Array
(
    [id] => 1
    [email] => test1@test.com
    [name] => 太郎1
    [is_login] => 1
)
2023-01-28 14:07:06-/var/www/src/common/database.php:78
12023-01-28 14:07:06-/var/www/src/common/session.php:28
Array
(
    [id] => 1
    [email] => test1@test.com
    [name] => 太郎1
    [is_login] => 1
)
2023-01-28 14:08:00-/var/www/src/common/database.php:78
12023-01-28 14:08:00-/var/www/src/common/session.php:28
Array
(
    [id] => 1
    [email] => test1@test.com
    [name] => 太郎1
    [is_login] => 1
)
2023-01-28 14:08:28-/var/www/src/common/database.php:66
2023-01-28 14:08:28-/var/www/src/common/database.php:79
12023-01-28 14:08:28-/var/www/src/common/session.php:28
Array
(
    [id] => 1
    [email] => test1@test.com
    [name] => 太郎1
    [is_login] => 1
)
2023-01-28 14:09:31-/var/www/src/common/database.php:66
test12342023-01-28 14:09:31-/var/www/src/common/database.php:79
12023-01-28 14:09:31-/var/www/src/common/session.php:28
Array
(
    [id] => 1
    [email] => test1@test.com
    [name] => 太郎1
    [is_login] => 1
)
2023-01-28 14:13:42-/var/www/src/common/database.php:66
testo2023-01-28 14:13:42-/var/www/src/common/database.php:79
Array
(
    [id] => 1
    [0] => 1
    [name] => 太郎1さん
    [1] => 太郎1さん
    [email] => test1@test.com
    [2] => test1@test.com
    [password] => testo
    [3] => testo
    [user_type] => 0
    [4] => 0
    [created_at] => 2023-01-20 15:31:22
    [5] => 2023-01-20 15:31:22
    [updated_at] => 2023-01-28 14:13:42
    [6] => 2023-01-28 14:13:42
)
2023-01-28 14:13:42-/var/www/src/common/session.php:28
Array
(
    [id] => 1
    [email] => test1@test.com
    [name] => 太郎1さん
    [is_login] => 1
)
2023-01-28 14:13:50-/var/www/src/common/database.php:66
tetete2023-01-28 14:13:50-/var/www/src/common/database.php:79
Array
(
    [id] => 1
    [0] => 1
    [name] => 太郎1さん
    [1] => 太郎1さん
    [email] => test1@test.com
    [2] => test1@test.com
    [password] => tetete
    [3] => tetete
    [user_type] => 0
    [4] => 0
    [created_at] => 2023-01-20 15:31:22
    [5] => 2023-01-20 15:31:22
    [updated_at] => 2023-01-28 14:13:50
    [6] => 2023-01-28 14:13:50
)
2023-01-28 14:13:50-/var/www/src/common/session.php:28
Array
(
    [id] => 1
    [email] => test1@test.com
    [name] => 太郎1さん
    [is_login] => 1
)
2023-01-28 14:16:13-/var/www/src/common/database.php:66
$2y$10$HP1jHYg98EIjrbvoJJT70OdKxtKTBILlzHTJkIbW/dGe4RDu9x0mW2023-01-28 14:16:13-/var/www/src/common/database.php:79
Array
(
    [id] => 1
    [0] => 1
    [name] => 太郎1さん
    [1] => 太郎1さん
    [email] => test1@test.com
    [2] => test1@test.com
    [password] => $2y$10$HP1jHYg98EIjrbvoJJT70OdKxtKTBILlzHTJkIbW/dGe4RDu9x0mW
    [3] => $2y$10$HP1jHYg98EIjrbvoJJT70OdKxtKTBILlzHTJkIbW/dGe4RDu9x0mW
    [user_type] => 0
    [4] => 0
    [created_at] => 2023-01-20 15:31:22
    [5] => 2023-01-20 15:31:22
    [updated_at] => 2023-01-28 14:16:13
    [6] => 2023-01-28 14:16:13
)
2023-01-28 14:16:13-/var/www/src/common/session.php:28
Array
(
    [id] => 1
    [email] => test1@test.com
    [name] => 太郎1さん
    [is_login] => 1
)
2023-01-28 14:16:28-/var/www/src/common/session.php:39
Array
(
)
2023-01-28 14:16:36-/var/www/src/controller/auth_login_controller.php:
Array
(
    [_token] => {{csrf_token()}}
    [is_login] => 1
    [email] => test1@test.com
    [password] => test1234
)
2023-01-28 14:16:36-/var/www/src/common/session.php:28
Array
(
    [message] => データベースえらー
)
2023-01-28 14:32:35-/var/www/src/controller/auth_login_controller.php:
Array
(
    [_token] => {{csrf_token()}}
    [is_login] => 1
    [email] => test1@test.com
    [password] => test1234
)
2023-01-28 14:32:35-/var/www/src/common/session.php:28
Array
(
    [message] => データベースえらー
    [id] => 1
    [email] => test1@test.com
    [name] => 太郎1さん
    [is_login] => 1
)
2023-01-28 14:32:35-/var/www/src/controller/auth_login_controller.php:26
Array
(
    [id] => 1
    [name] => 太郎1さん
    [email] => test1@test.com
    [password] => $2y$10$HP1jHYg98EIjrbvoJJT70OdKxtKTBILlzHTJkIbW/dGe4RDu9x0mW
    [user_type] => 0
    [created_at] => 2023-01-20 15:31:22
    [updated_at] => 2023-01-28 14:16:13
)
2023-01-28 15:16:37-/var/www/src/common/database.php:66
$2y$10$ae/g6aiLDG4snd9laZzZZOmWOocmpJdvsZHpLkOO03kHsPm/5V9Xy2023-01-28 15:16:37-/var/www/src/common/database.php:79
Array
(
    [id] => 1
    [0] => 1
    [name] => 太郎1さん
    [1] => 太郎1さん
    [email] => test1@test.com
    [2] => test1@test.com
    [password] => $2y$10$ae/g6aiLDG4snd9laZzZZOmWOocmpJdvsZHpLkOO03kHsPm/5V9Xy
    [3] => $2y$10$ae/g6aiLDG4snd9laZzZZOmWOocmpJdvsZHpLkOO03kHsPm/5V9Xy
    [user_type] => 0
    [4] => 0
    [created_at] => 2023-01-20 15:31:22
    [5] => 2023-01-20 15:31:22
    [updated_at] => 2023-01-28 15:16:37
    [6] => 2023-01-28 15:16:37
)
2023-01-28 15:16:37-/var/www/src/common/session.php:29
Array
(
    [message] => 
    [id] => 1
    [email] => test1@test.com
    [name] => 太郎1さん
    [is_login] => 1
)
2023-01-28 15:16:43-/var/www/src/common/database.php:151
Array
(
    [id] => 2
    [0] => 2
    [title] => っっっっt
    [1] => っっっっt
    [body] => っっっtがががあ
    [2] => っっっtがががあ
    [image] => 
    [3] => 
    [created_at] => 2023-01-28 09:55:36
    [4] => 2023-01-28 09:55:36
    [updated_at] => 2023-01-28 09:55:36
    [5] => 2023-01-28 09:55:36
)
2023-01-28 15:16:48-/var/www/src/common/database.php:151
Array
(
    [id] => 5
    [0] => 5
    [title] => たちたお
    [1] => たちたお
    [body] => たたた
    [2] => たたた
    [image] => 
    [3] => 
    [created_at] => 2023-01-28 09:57:28
    [4] => 2023-01-28 09:57:28
    [updated_at] => 2023-01-28 09:57:28
    [5] => 2023-01-28 09:57:28
)
2023-01-28 15:22:04-/var/www/src/common/database.php:66
$2y$10$ae/g6aiLDG4snd9laZzZZOmWOocmpJdvsZHpLkOO03kHsPm/5V9Xy2023-01-28 15:22:04-/var/www/src/common/database.php:79
Array
(
    [id] => 1
    [0] => 1
    [name] => 太郎1さんです
    [1] => 太郎1さんです
    [email] => test1@test.com
    [2] => test1@test.com
    [password] => $2y$10$ae/g6aiLDG4snd9laZzZZOmWOocmpJdvsZHpLkOO03kHsPm/5V9Xy
    [3] => $2y$10$ae/g6aiLDG4snd9laZzZZOmWOocmpJdvsZHpLkOO03kHsPm/5V9Xy
    [user_type] => 0
    [4] => 0
    [created_at] => 2023-01-20 15:31:22
    [5] => 2023-01-20 15:31:22
    [updated_at] => 2023-01-28 15:22:04
    [6] => 2023-01-28 15:22:04
)
2023-01-28 15:22:04-/var/www/src/common/session.php:29
Array
(
    [id] => 1
    [email] => test1@test.com
    [name] => 太郎1さんです
    [is_login] => 1
)
2023-01-28 15:26:11-/var/www/src/common/database.php:163
Array
(
    [id] => 1
    [0] => 1
    [title] => たいとるです
    [1] => たいとるです
    [body] => こんににち
    [2] => こんににち
    [image] => 
    [3] => 
    [created_at] => 2023-01-28 09:55:02
    [4] => 2023-01-28 09:55:02
    [updated_at] => 2023-01-28 09:55:02
    [5] => 2023-01-28 09:55:02
)
2023-01-28 15:26:30-/var/www/src/common/database.php:163
Array
(
    [id] => 1
    [0] => 1
    [title] => たいとるです
    [1] => たいとるです
    [body] => こんににち
    [2] => こんににち
    [image] => 
    [3] => 
    [created_at] => 2023-01-28 09:55:02
    [4] => 2023-01-28 09:55:02
    [updated_at] => 2023-01-28 09:55:02
    [5] => 2023-01-28 09:55:02
)
2023-01-28 15:26:36-/var/www/src/common/database.php:163
Array
(
    [id] => 3
    [0] => 3
    [title] => タイトルです
    [1] => タイトルです
    [body] => こにあんちあんちあ
    [2] => こにあんちあんちあ
    [image] => 
    [3] => 
    [created_at] => 2023-01-28 09:56:07
    [4] => 2023-01-28 09:56:07
    [updated_at] => 2023-01-28 09:56:07
    [5] => 2023-01-28 09:56:07
)
2023-01-28 15:26:59-/var/www/src/common/database.php:163
Array
(
    [id] => 1
    [0] => 1
    [title] => たいとるです
    [1] => たいとるです
    [body] => こんににち
    [2] => こんににち
    [image] => 
    [3] => 
    [created_at] => 2023-01-28 09:55:02
    [4] => 2023-01-28 09:55:02
    [updated_at] => 2023-01-28 09:55:02
    [5] => 2023-01-28 09:55:02
)
2023-01-28 15:27:46-/var/www/src/common/database.php:163
Array
(
    [id] => 1
    [0] => 1
    [title] => たいとるです
    [1] => たいとるです
    [body] => こんににち
    [2] => こんににち
    [image] => 
    [3] => 
    [created_at] => 2023-01-28 09:55:02
    [4] => 2023-01-28 09:55:02
    [updated_at] => 2023-01-28 09:55:02
    [5] => 2023-01-28 09:55:02
)
2023-01-28 15:29:18-/var/www/src/common/database.php:163
Array
(
    [id] => 1
    [0] => 1
    [title] => たいとるです
    [1] => たいとるです
    [body] => こんににち
    [2] => こんににち
    [image] => 
    [3] => 
    [created_at] => 2023-01-28 09:55:02
    [4] => 2023-01-28 09:55:02
    [updated_at] => 2023-01-28 09:55:02
    [5] => 2023-01-28 09:55:02
)
2023-01-28 15:29:24-/var/www/src/common/database.php:163
Array
(
    [id] => 4
    [0] => 4
    [title] => タイトルです
    [1] => タイトルです
    [body] => こにあんちあんちあ
    [2] => こにあんちあんちあ
    [image] => 
    [3] => 
    [created_at] => 2023-01-28 09:57:23
    [4] => 2023-01-28 09:57:23
    [updated_at] => 2023-01-28 09:57:23
    [5] => 2023-01-28 09:57:23
)
2023-01-28 15:35:40-/var/www/src/common/database.php:163
Array
(
    [id] => 4
    [0] => 4
    [title] => タイトルです
    [1] => タイトルです
    [body] => こにあんちあんちあ
    [2] => こにあんちあんちあ
    [image] => 
    [3] => 
    [created_at] => 2023-01-28 09:57:23
    [4] => 2023-01-28 09:57:23
    [updated_at] => 2023-01-28 09:57:23
    [5] => 2023-01-28 09:57:23
)
2023-01-28 15:45:52-/var/www/src/common/database.php:163
Array
(
    [id] => 1
    [0] => 1
    [user_id] => 1
    [1] => 1
    [title] => 投稿します。
    [2] => 投稿します。
    [body] => こんにちは。こんにちは。こんにちは。こんにちは。こんにちは。こんにちは。こんにちは。こんにちは。こんにちは。こんにちは。こんにちは。こんにちは。
    [3] => こんにちは。こんにちは。こんにちは。こんにちは。こんにちは。こんにちは。こんにちは。こんにちは。こんにちは。こんにちは。こんにちは。こんにちは。
    [created_at] => 2023-01-28 15:45:48
    [4] => 2023-01-28 15:45:48
    [updated_at] => 2023-01-28 15:45:48
    [5] => 2023-01-28 15:45:48
)
2023-01-28 15:48:54-/var/www/src/common/database.php:163
Array
(
    [id] => 1
    [0] => 1
    [user_id] => 1
    [1] => 1
    [title] => 投稿します。
    [2] => 投稿します。
    [body] => こんにちは。こんにちは。こんにちは。こんにちは。こんにちは。こんにちは。こんにちは。こんにちは。こんにちは。こんにちは。こんにちは。こんにちは。
    [3] => こんにちは。こんにちは。こんにちは。こんにちは。こんにちは。こんにちは。こんにちは。こんにちは。こんにちは。こんにちは。こんにちは。こんにちは。
    [created_at] => 2023-01-28 15:45:48
    [4] => 2023-01-28 15:45:48
    [updated_at] => 2023-01-28 15:45:48
    [5] => 2023-01-28 15:45:48
)
2023-01-28 15:50:29-/var/www/src/common/database.php:163
Array
(
    [id] => 1
    [0] => 1
    [user_id] => 1
    [1] => 1
    [title] => 投稿します。
    [2] => 投稿します。
    [body] => こんにちは。こんにちは。こんにちは。こんにちは。こんにちは。こんにちは。こんにちは。こんにちは。こんにちは。こんにちは。こんにちは。こんにちは。
    [3] => こんにちは。こんにちは。こんにちは。こんにちは。こんにちは。こんにちは。こんにちは。こんにちは。こんにちは。こんにちは。こんにちは。こんにちは。
    [created_at] => 2023-01-28 15:45:48
    [4] => 2023-01-28 15:45:48
    [updated_at] => 2023-01-28 15:45:48
    [5] => 2023-01-28 15:45:48
)
2023-01-28 15:50:43-/var/www/src/common/session.php:40
Array
(
)
2023-01-28 15:50:45-/var/www/src/common/database.php:163
Array
(
    [id] => 1
    [0] => 1
    [user_id] => 1
    [1] => 1
    [title] => 投稿します。
    [2] => 投稿します。
    [body] => こんにちは。こんにちは。こんにちは。こんにちは。こんにちは。こんにちは。こんにちは。こんにちは。こんにちは。こんにちは。こんにちは。こんにちは。
    [3] => こんにちは。こんにちは。こんにちは。こんにちは。こんにちは。こんにちは。こんにちは。こんにちは。こんにちは。こんにちは。こんにちは。こんにちは。
    [created_at] => 2023-01-28 15:45:48
    [4] => 2023-01-28 15:45:48
    [updated_at] => 2023-01-28 15:45:48
    [5] => 2023-01-28 15:45:48
)
2023-01-28 15:52:35-/var/www/src/common/database.php:163
Array
(
    [id] => 1
    [0] => 1
    [user_id] => 1
    [1] => 1
    [title] => 投稿します。
    [2] => 投稿します。
    [body] => こんにちは。こんにちは。こんにちは。こんにちは。こんにちは。こんにちは。こんにちは。こんにちは。こんにちは。こんにちは。こんにちは。こんにちは。
    [3] => こんにちは。こんにちは。こんにちは。こんにちは。こんにちは。こんにちは。こんにちは。こんにちは。こんにちは。こんにちは。こんにちは。こんにちは。
    [created_at] => 2023-01-28 15:45:48
    [4] => 2023-01-28 15:45:48
    [updated_at] => 2023-01-28 15:45:48
    [5] => 2023-01-28 15:45:48
)
2023-01-28 15:53:12-/var/www/src/common/session.php:29
Array
(
)
2023-01-28 15:55:53-/var/www/src/controller/auth_login_controller.php:
Array
(
    [_token] => {{csrf_token()}}
    [is_login] => 1
    [email] => test2@gmail.net
    [password] => test1234
)
2023-01-28 15:55:53-/var/www/src/common/session.php:32
Array
(
    [id] => 3
    [email] => test2@gmail.net
    [name] => じろうtest2
    [is_login] => 1
)
2023-01-28 15:55:53-/var/www/src/controller/auth_login_controller.php:26
Array
(
    [id] => 3
    [name] => じろうtest2
    [email] => test2@gmail.net
    [password] => $2y$10$1w895kyMSYICIjw.12vTvuxbP.6vxcWLw3PWNj/Yn5a3krVhM8EP2
    [user_type] => 0
    [created_at] => 2023-01-28 15:53:12
    [updated_at] => 2023-01-28 15:53:12
)
2023-01-28 15:56:05-/var/www/src/common/database.php:163
Array
(
    [id] => 1
    [0] => 1
    [user_id] => 1
    [1] => 1
    [title] => 投稿します。
    [2] => 投稿します。
    [body] => こんにちは。こんにちは。こんにちは。こんにちは。こんにちは。こんにちは。こんにちは。こんにちは。こんにちは。こんにちは。こんにちは。こんにちは。
    [3] => こんにちは。こんにちは。こんにちは。こんにちは。こんにちは。こんにちは。こんにちは。こんにちは。こんにちは。こんにちは。こんにちは。こんにちは。
    [created_at] => 2023-01-28 15:45:48
    [4] => 2023-01-28 15:45:48
    [updated_at] => 2023-01-28 15:45:48
    [5] => 2023-01-28 15:45:48
)
2023-01-28 15:57:33-/var/www/src/common/database.php:163
Array
(
    [id] => 1
    [0] => 1
    [user_id] => 1
    [1] => 1
    [title] => 投稿します。
    [2] => 投稿します。
    [body] => こんにちは。こんにちは。こんにちは。こんにちは。こんにちは。こんにちは。こんにちは。こんにちは。こんにちは。こんにちは。こんにちは。こんにちは。
    [3] => こんにちは。こんにちは。こんにちは。こんにちは。こんにちは。こんにちは。こんにちは。こんにちは。こんにちは。こんにちは。こんにちは。こんにちは。
    [created_at] => 2023-01-28 15:45:48
    [4] => 2023-01-28 15:45:48
    [updated_at] => 2023-01-28 15:45:48
    [5] => 2023-01-28 15:45:48
)
2023-01-28 15:58:00-/var/www/src/common/database.php:163
Array
(
    [id] => 1
    [0] => 1
    [user_id] => 1
    [1] => 1
    [title] => 投稿します。
    [2] => 投稿します。
    [body] => こんにちは。こんにちは。こんにちは。こんにちは。こんにちは。こんにちは。こんにちは。こんにちは。こんにちは。こんにちは。こんにちは。こんにちは。
    [3] => こんにちは。こんにちは。こんにちは。こんにちは。こんにちは。こんにちは。こんにちは。こんにちは。こんにちは。こんにちは。こんにちは。こんにちは。
    [created_at] => 2023-01-28 15:45:48
    [4] => 2023-01-28 15:45:48
    [updated_at] => 2023-01-28 15:45:48
    [5] => 2023-01-28 15:45:48
)
2023-01-28 15:58:25-/var/www/src/common/database.php:163
Array
(
    [id] => 1
    [0] => 1
    [user_id] => 1
    [1] => 1
    [title] => 投稿します。
    [2] => 投稿します。
    [body] => こんにちは。こんにちは。こんにちは。こんにちは。こんにちは。こんにちは。こんにちは。こんにちは。こんにちは。こんにちは。こんにちは。こんにちは。
    [3] => こんにちは。こんにちは。こんにちは。こんにちは。こんにちは。こんにちは。こんにちは。こんにちは。こんにちは。こんにちは。こんにちは。こんにちは。
    [created_at] => 2023-01-28 15:45:48
    [4] => 2023-01-28 15:45:48
    [updated_at] => 2023-01-28 15:45:48
    [5] => 2023-01-28 15:45:48
)
2023-01-28 15:59:28-/var/www/src/common/database.php:163
Array
(
    [id] => 1
    [0] => 1
    [user_id] => 1
    [1] => 1
    [title] => 投稿します。
    [2] => 投稿します。
    [body] => こんにちは。こんにちは。こんにちは。こんにちは。こんにちは。こんにちは。こんにちは。こんにちは。こんにちは。こんにちは。こんにちは。こんにちは。
    [3] => こんにちは。こんにちは。こんにちは。こんにちは。こんにちは。こんにちは。こんにちは。こんにちは。こんにちは。こんにちは。こんにちは。こんにちは。
    [created_at] => 2023-01-28 15:45:48
    [4] => 2023-01-28 15:45:48
    [updated_at] => 2023-01-28 15:45:48
    [5] => 2023-01-28 15:45:48
)
2023-01-28 15:59:34-/var/www/src/common/database.php:163
Array
(
    [id] => 1
    [0] => 1
    [user_id] => 1
    [1] => 1
    [title] => 投稿します。
    [2] => 投稿します。
    [body] => こんにちは。こんにちは。こんにちは。こんにちは。こんにちは。こんにちは。こんにちは。こんにちは。こんにちは。こんにちは。こんにちは。こんにちは。
    [3] => こんにちは。こんにちは。こんにちは。こんにちは。こんにちは。こんにちは。こんにちは。こんにちは。こんにちは。こんにちは。こんにちは。こんにちは。
    [created_at] => 2023-01-28 15:45:48
    [4] => 2023-01-28 15:45:48
    [updated_at] => 2023-01-28 15:45:48
    [5] => 2023-01-28 15:45:48
)
2023-01-28 15:59:44-/var/www/src/common/session.php:43
Array
(
)
2023-01-28 16:00:13-/var/www/src/common/session.php:32
Array
(
)
2023-01-28 16:02:03-/var/www/src/controller/auth_register_controller.php:22
PDOException Object
(
    [message:protected] => SQLSTATE[23000]: Integrity constraint violation: 1062 Duplicate entry 'test3@yahoo.co.jp' for key 'users.email'
    [string:Exception:private] => 
    [code:protected] => 23000
    [file:protected] => /var/www/src/common/database.php
    [line:protected] => 41
    [trace:Exception:private] => Array
        (
            [0] => Array
                (
                    [file] => /var/www/src/common/database.php
                    [line] => 41
                    [function] => execute
                    [class] => PDOStatement
                    [type] => ->
                    [args] => Array
                        (
                        )

                )

            [1] => Array
                (
                    [file] => /var/www/src/controller/auth_register_controller.php
                    [line] => 21
                    [function] => userInsert
                    [args] => Array
                        (
                            [0] => Array
                                (
                                    [_token] => {{csrf_token()}}
                                    [email] => test3@yahoo.co.jp
                                    [password] => test1234
                                    [name] => tetetet
                                )

                        )

                )

        )

    [previous:Exception:private] => 
    [errorInfo] => Array
        (
            [0] => 23000
            [1] => 1062
            [2] => Duplicate entry 'test3@yahoo.co.jp' for key 'users.email'
        )

)
2023-01-28 16:03:51-/var/www/src/controller/auth_register_controller.php:22
2023-01-28 16:03:51-/var/www/src/common/session.php:33
Array
(
)
2023-01-28 16:06:55-/var/www/src/common/database.php:42
12023-01-28 16:06:55-/var/www/src/common/database.php:45
2023-01-28 16:06:55-/var/www/src/common/session.php:33
Array
(
)
2023-01-28 16:09:12-/var/www/src/common/database.php:42
12023-01-28 16:09:13-/var/www/src/common/session.php:33
Array
(
    [id] => 8
    [email] => test5@docome.jp
    [name] => test5ですよ
    [is_login] => 1
)
2023-01-28 16:09:51-/var/www/src/common/session.php:43
Array
(
)
2023-01-28 16:10:14-/var/www/src/common/database.php:42
12023-01-28 16:10:14-/var/www/src/common/session.php:32
Array
(
    [id] => 9
    [email] => test4@test.con
    [name] => ユーザー名ですよ
    [is_login] => 1
)
2023-01-28 16:10:27-/var/www/src/common/database.php:164
Array
(
    [id] => 1
    [0] => 1
    [user_id] => 1
    [1] => 1
    [title] => 投稿します。
    [2] => 投稿します。
    [body] => こんにちは。こんにちは。こんにちは。こんにちは。こんにちは。こんにちは。こんにちは。こんにちは。こんにちは。こんにちは。こんにちは。こんにちは。
    [3] => こんにちは。こんにちは。こんにちは。こんにちは。こんにちは。こんにちは。こんにちは。こんにちは。こんにちは。こんにちは。こんにちは。こんにちは。
    [created_at] => 2023-01-28 15:45:48
    [4] => 2023-01-28 15:45:48
    [updated_at] => 2023-01-28 15:45:48
    [5] => 2023-01-28 15:45:48
)
2023-01-28 18:12:45-/var/www/src/common/session.php:29
Array
(
)
2023-01-28 18:12:48-/var/www/src/controller/auth_login_controller.php:
Array
(
    [_token] => {{csrf_token()}}
    [is_login] => 1
    [email] => test1@test.com
    [password] => test1234
)
2023-01-28 18:12:48-/var/www/src/common/session.php:18
Array
(
    [id] => 1
    [email] => test1@test.com
    [name] => 太郎1さんです
    [is_login] => 1
)
2023-01-28 18:12:48-/var/www/src/controller/auth_login_controller.php:26
Array
(
    [id] => 1
    [name] => 太郎1さんです
    [email] => test1@test.com
    [password] => $2y$10$ae/g6aiLDG4snd9laZzZZOmWOocmpJdvsZHpLkOO03kHsPm/5V9Xy
    [user_type] => 0
    [created_at] => 2023-01-20 15:31:22
    [updated_at] => 2023-01-28 15:22:04
)
2023-01-28 18:20:17-/var/www/src/common/session.php:29
Array
(
)
2023-01-28 18:20:26-/var/www/src/controller/auth_login_controller.php:
Array
(
    [_token] => {{csrf_token()}}
    [is_login] => 1
    [email] => test1@test.com
    [password] => test1234
)
2023-01-28 18:20:26-/var/www/src/common/session.php:18
Array
(
    [id] => 1
    [email] => test1@test.com
    [name] => 太郎1さんです
    [is_login] => 1
)
2023-01-28 18:20:26-/var/www/src/controller/auth_login_controller.php:26
Array
(
    [id] => 1
    [name] => 太郎1さんです
    [email] => test1@test.com
    [password] => $2y$10$ae/g6aiLDG4snd9laZzZZOmWOocmpJdvsZHpLkOO03kHsPm/5V9Xy
    [user_type] => 0
    [created_at] => 2023-01-20 15:31:22
    [updated_at] => 2023-01-28 15:22:04
)
2023-01-28 18:21:21-/var/www/src/common/session.php:18
Array
(
    [id] => 1
    [email] => test1@test.com
    [name] => 太郎1様ですよ
    [is_login] => 1
)
2023-01-28 18:21:40-/var/www/src/common/session.php:29
Array
(
)
2023-01-28 18:24:25-/var/www/src/controller/auth_login_controller.php:
Array
(
    [_token] => {{csrf_token()}}
    [is_login] => 1
    [email] => test1@test.com
    [password] => test1234
)
2023-01-28 18:24:25-/var/www/src/common/session.php:18
Array
(
    [id] => 1
    [email] => test1@test.com
    [name] => 太郎1様ですよ
    [is_login] => 1
)
2023-01-28 18:24:25-/var/www/src/controller/auth_login_controller.php:26
Array
(
    [id] => 1
    [name] => 太郎1様ですよ
    [email] => test1@test.com
    [password] => $2y$10$ae/g6aiLDG4snd9laZzZZOmWOocmpJdvsZHpLkOO03kHsPm/5V9Xy
    [user_type] => 0
    [created_at] => 2023-01-20 15:31:22
    [updated_at] => 2023-01-28 18:21:21
)
2023-01-28 18:24:33-/var/www/src/common/session.php:18
Array
(
    [id] => 1
    [email] => test1@test.com
    [name] => 太郎1様です
    [is_login] => 1
)
2023-01-28 18:26:25-/var/www/src/common/session.php:29
Array
(
)
2023-01-28 18:26:35-/var/www/src/controller/auth_login_controller.php:
Array
(
    [_token] => {{csrf_token()}}
    [is_login] => 1
    [email] => test1@test.com
    [password] => test1234
)
2023-01-28 18:26:35-/var/www/src/common/session.php:18
Array
(
    [id] => 1
    [email] => test1@test.com
    [name] => 太郎1様です
    [is_login] => 1
)
2023-01-28 18:26:35-/var/www/src/controller/auth_login_controller.php:26
Array
(
    [id] => 1
    [name] => 太郎1様です
    [email] => test1@test.com
    [password] => $2y$10$ae/g6aiLDG4snd9laZzZZOmWOocmpJdvsZHpLkOO03kHsPm/5V9Xy
    [user_type] => 0
    [created_at] => 2023-01-20 15:31:22
    [updated_at] => 2023-01-28 18:24:33
)
2023-01-28 18:26:41-/var/www/src/common/session.php:29
Array
(
)
2023-01-28 18:26:48-/var/www/src/controller/auth_login_controller.php:
Array
(
    [_token] => {{csrf_token()}}
    [is_login] => 1
    [email] => test1@test.com
    [password] => test1234
)
2023-01-28 18:26:48-/var/www/src/common/session.php:18
Array
(
    [id] => 1
    [email] => test1@test.com
    [name] => 太郎1様です
    [is_login] => 1
)
2023-01-28 18:26:48-/var/www/src/controller/auth_login_controller.php:26
Array
(
    [id] => 1
    [name] => 太郎1様です
    [email] => test1@test.com
    [password] => $2y$10$ae/g6aiLDG4snd9laZzZZOmWOocmpJdvsZHpLkOO03kHsPm/5V9Xy
    [user_type] => 0
    [created_at] => 2023-01-20 15:31:22
    [updated_at] => 2023-01-28 18:24:33
)
2023-01-28 18:27:52-/var/www/src/common/session.php:29
Array
(
)
2023-01-28 18:27:55-/var/www/src/controller/auth_login_controller.php:
Array
(
    [_token] => {{csrf_token()}}
    [is_login] => 1
    [email] => test1@test.com
    [password] => test1234
)
2023-01-28 18:27:55-/var/www/src/common/session.php:18
Array
(
    [id] => 1
    [email] => test1@test.com
    [name] => 太郎1様です
    [is_login] => 1
)
2023-01-28 18:27:55-/var/www/src/controller/auth_login_controller.php:26
Array
(
    [id] => 1
    [name] => 太郎1様です
    [email] => test1@test.com
    [password] => $2y$10$ae/g6aiLDG4snd9laZzZZOmWOocmpJdvsZHpLkOO03kHsPm/5V9Xy
    [user_type] => 0
    [created_at] => 2023-01-20 15:31:22
    [updated_at] => 2023-01-28 18:24:33
)
2023-01-28 18:28:15-/var/www/src/common/session.php:29
Array
(
)
2023-01-28 18:28:18-/var/www/src/controller/auth_login_controller.php:
Array
(
    [_token] => {{csrf_token()}}
    [is_login] => 1
    [email] => test1@test.com
    [password] => test1234
)
2023-01-28 18:28:18-/var/www/src/common/session.php:18
Array
(
    [id] => 1
    [email] => test1@test.com
    [name] => 太郎1様です
    [is_login] => 1
)
2023-01-28 18:28:18-/var/www/src/controller/auth_login_controller.php:26
Array
(
    [id] => 1
    [name] => 太郎1様です
    [email] => test1@test.com
    [password] => $2y$10$ae/g6aiLDG4snd9laZzZZOmWOocmpJdvsZHpLkOO03kHsPm/5V9Xy
    [user_type] => 0
    [created_at] => 2023-01-20 15:31:22
    [updated_at] => 2023-01-28 18:24:33
)
2023-01-28 18:28:23-/var/www/src/common/session.php:29
Array
(
)
2023-01-28 18:28:27-/var/www/src/controller/auth_login_controller.php:
Array
(
    [_token] => {{csrf_token()}}
    [is_login] => 1
    [email] => test1@test.com
    [password] => test1234
)
2023-01-28 18:28:27-/var/www/src/common/session.php:18
Array
(
    [id] => 1
    [email] => test1@test.com
    [name] => 太郎1様です
    [is_login] => 1
)
2023-01-28 18:28:27-/var/www/src/controller/auth_login_controller.php:26
Array
(
    [id] => 1
    [name] => 太郎1様です
    [email] => test1@test.com
    [password] => $2y$10$ae/g6aiLDG4snd9laZzZZOmWOocmpJdvsZHpLkOO03kHsPm/5V9Xy
    [user_type] => 0
    [created_at] => 2023-01-20 15:31:22
    [updated_at] => 2023-01-28 18:24:33
)
2023-01-28 18:38:50-/var/www/src/controller/post_delete_controller.php:18
2023-01-28 18:39:35-/var/www/src/controller/post_delete_controller.php:18
2023-01-28 18:39:51-/var/www/src/controller/post_delete_controller.php:18
2023-01-28 18:49:02-/var/www/src/controller/post_delete_controller.php:18
